#
# There is insufficient memory for the Java Runtime Environment to continue.
# Native memory allocation (malloc) failed to allocate 1048576 bytes for AllocateHeap
# Possible reasons:
#   The system is out of physical RAM or swap space
#   The process is running with CompressedOops enabled, and the Java Heap may be blocking the growth of the native heap
# Possible solutions:
#   Reduce memory load on the system
#   Increase physical memory or swap space
#   Check if swap backing store is full
#   Decrease Java heap size (-Xmx/-Xms)
#   Decrease number of Java threads
#   Decrease Java thread stack sizes (-Xss)
#   Set larger code cache with -XX:ReservedCodeCacheSize=
#   JVM is running with Zero Based Compressed Oops mode in which the Java heap is
#     placed in the first 32GB address space. The Java Heap base address is the
#     maximum limit for the native heap growth. Please use -XX:HeapBaseMinAddress
#     to set the Java Heap base and to place the Java Heap above 32GB virtual address.
# This output file may be truncated or incomplete.
#
#  Out of Memory Error (memory/allocation.inline.hpp:61), pid=20580, tid=0x000000000000557c
#
# JRE version:  (8.0_281-b09) (build )
# Java VM: Java HotSpot(TM) 64-Bit Server VM (25.281-b09 mixed mode windows-amd64 compressed oops)
# Failed to write core dump. Minidumps are not enabled by default on client versions of Windows
#

---------------  T H R E A D  ---------------

Current thread (0x00000251ccd33000):  JavaThread "Unknown thread" [_thread_in_vm, id=21884, stack(0x0000009913500000,0x0000009913600000)]

Stack: [0x0000009913500000,0x0000009913600000]
Native frames: (J=compiled Java code, j=interpreted, Vv=VM code, C=native code)
V  [jvm.dll+0x32e5b9]
V  [jvm.dll+0x275012]
V  [jvm.dll+0x275cbd]
V  [jvm.dll+0x26c6f5]
V  [jvm.dll+0x509d]
V  [jvm.dll+0x3d2b23]
V  [jvm.dll+0x3d3538]
V  [jvm.dll+0xfcaaf]
V  [jvm.dll+0x209a1b]
V  [jvm.dll+0x2383d7]
V  [jvm.dll+0x162566]
C  [java.exe+0x2312]
C  [java.exe+0x15f54]
C  [KERNEL32.DLL+0x17034]
C  [ntdll.dll+0x52651]


---------------  P R O C E S S  ---------------

Java Threads: ( => current thread )

Other Threads:

=>0x00000251ccd33000 (exited) JavaThread "Unknown thread" [_thread_in_vm, id=21884, stack(0x0000009913500000,0x0000009913600000)]

VM state:not at safepoint (normal execution)

VM Mutex/Monitor currently owned by a thread: None

heap address: 0x00000006c1c00000, size: 4068 MB, Compressed Oops mode: Zero based, Oop shift amount: 3
Narrow klass base: 0x0000000000000000, Narrow klass shift: 3
Compressed class space size: 1073741824 Address: 0x00000007c0000000

Heap:
 PSYoungGen      total 76288K, used 1310K [0x000000076b400000, 0x0000000770900000, 0x00000007c0000000)
  eden space 65536K, 2% used [0x000000076b400000,0x000000076b547af0,0x000000076f400000)
  from space 10752K, 0% used [0x000000076fe80000,0x000000076fe80000,0x0000000770900000)
  to   space 10752K, 0% used [0x000000076f400000,0x000000076f400000,0x000000076fe80000)
 ParOldGen       total 175104K, used 0K [0x00000006c1c00000, 0x00000006cc700000, 0x000000076b400000)
  object space 175104K, 0% used [0x00000006c1c00000,0x00000006c1c00000,0x00000006cc700000)
 Metaspace       used 777K, capacity 4480K, committed 4480K, reserved 1056768K
  class space    used 76K, capacity 384K, committed 384K, reserved 1048576K

Card table byte_map: [0x00000251ddaa0000,0x00000251de2a0000] byte_map_base: 0x00000251da492000

Marking Bits: (ParMarkBitMap*) 0x0000000060286ff0
 Begin Bits: [0x00000251de7f0000, 0x00000251e2780000)
 End Bits:   [0x00000251e2780000, 0x00000251e6710000)

Polling page: 0x00000251cccd0000

CodeCache: size=245760Kb used=328Kb max_used=328Kb free=245431Kb
 bounds [0x00000251ce6e0000, 0x00000251ce950000, 0x00000251dd6e0000]
 total_blobs=58 nmethods=0 adapters=38
 compilation: enabled

Compilation events (0 events):
No events

GC Heap History (0 events):
No events

Deoptimization events (0 events):
No events

Classes redefined (0 events):
No events

Internal exceptions (0 events):
No events

Events (10 events):
Event: 0.046 loading class java/lang/Short
Event: 0.046 loading class java/lang/Short done
Event: 0.046 loading class java/lang/Integer
Event: 0.046 loading class java/lang/Integer done
Event: 0.046 loading class java/lang/Long
Event: 0.047 loading class java/lang/Long done
Event: 0.048 loading class java/lang/NullPointerException
Event: 0.048 loading class java/lang/NullPointerException done
Event: 0.048 loading class java/lang/ArithmeticException
Event: 0.048 loading class java/lang/ArithmeticException done


Dynamic libraries:
0x00007ff68b170000 - 0x00007ff68b1b7000 	D:\Java\jdk_8u281\bin\java.exe
0x00007ffa992f0000 - 0x00007ffa994e5000 	C:\WINDOWS\SYSTEM32\ntdll.dll
0x00007ffa988e0000 - 0x00007ffa9899d000 	C:\WINDOWS\System32\KERNEL32.DLL
0x00007ffa96d30000 - 0x00007ffa96ff9000 	C:\WINDOWS\System32\KERNELBASE.dll
0x00007ffa97c70000 - 0x00007ffa97d1c000 	C:\WINDOWS\System32\ADVAPI32.dll
0x00007ffa973d0000 - 0x00007ffa9746e000 	C:\WINDOWS\System32\msvcrt.dll
0x00007ffa97bd0000 - 0x00007ffa97c6c000 	C:\WINDOWS\System32\sechost.dll
0x00007ffa97e50000 - 0x00007ffa97f7b000 	C:\WINDOWS\System32\RPCRT4.dll
0x00007ffa98bf0000 - 0x00007ffa98d90000 	C:\WINDOWS\System32\USER32.dll
0x00007ffa97000000 - 0x00007ffa97022000 	C:\WINDOWS\System32\win32u.dll
0x00007ffa976d0000 - 0x00007ffa976fa000 	C:\WINDOWS\System32\GDI32.dll
0x00007ffa96a30000 - 0x00007ffa96b3b000 	C:\WINDOWS\System32\gdi32full.dll
0x00007ffa97130000 - 0x00007ffa971cd000 	C:\WINDOWS\System32\msvcp_win.dll
0x00007ffa97030000 - 0x00007ffa97130000 	C:\WINDOWS\System32\ucrtbase.dll
0x00007ffa84f70000 - 0x00007ffa8520a000 	C:\WINDOWS\WinSxS\amd64_microsoft.windows.common-controls_6595b64144ccf1df_6.0.19041.844_none_ca00b6081b84eb1d\COMCTL32.dll
0x00007ffa98bc0000 - 0x00007ffa98bf0000 	C:\WINDOWS\System32\IMM32.DLL
0x00007ffa848f0000 - 0x00007ffa84905000 	D:\Java\jdk_8u281\jre\bin\vcruntime140.dll
0x00007ffa62230000 - 0x00007ffa622cb000 	D:\Java\jdk_8u281\jre\bin\msvcp140.dll
0x000000005faa0000 - 0x00000000602ff000 	D:\Java\jdk_8u281\jre\bin\server\jvm.dll
0x00007ffa98a30000 - 0x00007ffa98a38000 	C:\WINDOWS\System32\PSAPI.DLL
0x00007ffa7f030000 - 0x00007ffa7f039000 	C:\WINDOWS\SYSTEM32\WSOCK32.dll
0x00007ffa909b0000 - 0x00007ffa909ba000 	C:\WINDOWS\SYSTEM32\VERSION.dll
0x00007ffa853e0000 - 0x00007ffa85407000 	C:\WINDOWS\SYSTEM32\WINMM.dll
0x00007ffa98af0000 - 0x00007ffa98b5b000 	C:\WINDOWS\System32\WS2_32.dll
0x00007ffa95340000 - 0x00007ffa95352000 	C:\WINDOWS\SYSTEM32\kernel.appcore.dll
0x00007ffa84d80000 - 0x00007ffa84d90000 	D:\Java\jdk_8u281\jre\bin\verify.dll
0x00007ffa819e0000 - 0x00007ffa81a0b000 	D:\Java\jdk_8u281\jre\bin\java.dll
0x00007ffa70810000 - 0x00007ffa70840000 	D:\Java\jdk_8u281\jre\bin\instrument.dll
0x00007ffa846c0000 - 0x00007ffa846d8000 	D:\Java\jdk_8u281\jre\bin\zip.dll
0x00007ffa94e60000 - 0x00007ffa95044000 	C:\WINDOWS\SYSTEM32\dbghelp.dll
0x00007ffa97220000 - 0x00007ffa972a0000 	C:\WINDOWS\System32\bcryptPrimitives.dll

VM Arguments:
jvm_args: -XX:TieredStopAtLevel=1 -Xverify:none -Dspring.output.ansi.enabled=always -javaagent:D:\Java\IntelliJ IDEA 2020.3.2\lib\idea_rt.jar=8522:D:\Java\IntelliJ IDEA 2020.3.2\bin -Dcom.sun.management.jmxremote -Dspring.jmx.enabled=true -Dspring.liveBeansView.mbeanDomain -Dspring.application.admin.enabled=true -Dfile.encoding=UTF-8 
java_command: com.melons.MdJavafxApplication
java_class_path (initial): D:\Java\jdk_8u281\jre\lib\charsets.jar;D:\Java\jdk_8u281\jre\lib\deploy.jar;D:\Java\jdk_8u281\jre\lib\ext\access-bridge-64.jar;D:\Java\jdk_8u281\jre\lib\ext\cldrdata.jar;D:\Java\jdk_8u281\jre\lib\ext\dnsns.jar;D:\Java\jdk_8u281\jre\lib\ext\jaccess.jar;D:\Java\jdk_8u281\jre\lib\ext\jfxrt.jar;D:\Java\jdk_8u281\jre\lib\ext\localedata.jar;D:\Java\jdk_8u281\jre\lib\ext\nashorn.jar;D:\Java\jdk_8u281\jre\lib\ext\sunec.jar;D:\Java\jdk_8u281\jre\lib\ext\sunjce_provider.jar;D:\Java\jdk_8u281\jre\lib\ext\sunmscapi.jar;D:\Java\jdk_8u281\jre\lib\ext\sunpkcs11.jar;D:\Java\jdk_8u281\jre\lib\ext\zipfs.jar;D:\Java\jdk_8u281\jre\lib\javaws.jar;D:\Java\jdk_8u281\jre\lib\jce.jar;D:\Java\jdk_8u281\jre\lib\jfr.jar;D:\Java\jdk_8u281\jre\lib\jfxswt.jar;D:\Java\jdk_8u281\jre\lib\jsse.jar;D:\Java\jdk_8u281\jre\lib\management-agent.jar;D:\Java\jdk_8u281\jre\lib\plugin.jar;D:\Java\jdk_8u281\jre\lib\resources.jar;D:\Java\jdk_8u281\jre\lib\rt.jar;D:\Java\Java_project\MyEditor\target\classes;D:\Maven\m2\repository\org\springframework\boot\spring-boot-starter-jdbc\2.4.4\spring-boot-starter-jdbc-2.4.4.jar;D:\Maven\m2\repository\org\springframework\boot\spring-boot-starter\2.4.4\spring-boot-starter-2.4.4.jar;D:\Maven\m2\repository\org\springframework\boot\spring-boot\2.4.4\spring-boot-2.4.4.jar;D:\Maven\m2\repository\org\springframework\spring-context\5.3.5\spring-context-5.3.5.jar;D:\Maven\m2\repository\org\springframework\spring-aop\5.3.5\spring-aop-5.3.5.jar;D:\Maven\m2\repository\org\springframework\spring-expression\5.3.5\spring-expression-5.3.5.jar;D:\Maven\m2\repository\org\springframework\boot\spring-boot-autoconfigure\2.4.4\spring-boot-autoconfigure-2.4.4.jar;D:\Maven\m2\repository\org\springframework\boot\spring-boot-starter-logging\2.4.4\spring-boot-starter-logging-2.4.4.jar;D:\Maven\m2\repository\ch\qos\logback\logback-classic\1.2.3\logback-classic-1.2.3.jar;D:\Maven\m2\repository\ch\qos\logback\logback-core\1.2.3\logback-core-1.2.3.jar;D:\Maven\m2\repository
Launcher Type: SUN_STANDARD

Environment Variables:
JAVA_HOME=D:\Java\jdk_15.0.2
CLASSPATH=D:\Java\java_code\src\Java_Course\experiment
PATH=C:\ProgramData\scoop\shims;C:\Program Files\NVIDIA GPU Computing Toolkit\CUDA\v11.0\bin;C:\Program Files\NVIDIA GPU Computing Toolkit\CUDA\v11.0\libnvvp;C:\Windows\system32;C:\Windows;C:\Windows\System32\Wbem;C:\Windows\System32\WindowsPowerShell\v1.0\;C:\Windows\System32\OpenSSH\;C:\Program Files (x86)\Intel\Intel(R) Management Engine Components\DAL;C:\Program Files\Intel\Intel(R) Management Engine Components\DAL;C:\Program Files\Intel\WiFi\bin\;C:\Program Files\Common Files\Intel\WirelessCommon\;C:\Program Files (x86)\NVIDIA Corporation\PhysX\Common;C:\Program Files\NVIDIA Corporation\NVIDIA NvDLISR;C:\WINDOWS\system32;C:\WINDOWS;C:\WINDOWS\System32\Wbem;C:\WINDOWS\System32\WindowsPowerShell\v1.0\;C:\WINDOWS\System32\OpenSSH\;C:\Program Files (x86)\QT Lite\QTSystem;C:\x86_64-8.1.0-release-posix-seh-rt_v6-rev0\mingw64\bin;C:\Program Files\NVIDIA Corporation\Nsight Compute 2020.1.1\;C:\Program Files\dotnet\;D:\Git\cmd;C:\Program Files\nodejs\;D:\Java\jdk_15.0.2\bin;C:\WINDOWS\system32;C:\WINDOWS;C:\WINDOWS\System32\Wbem;C:\WINDOWS\System32\WindowsPowerShell\v1.0\;C:\WINDOWS\System32\OpenSSH\;C:\Program Files\MySQL\MySQL Server 8.0\bin;C:\Program Files\MySQL\MySQL Server 8.0;C:\Users\lemon\apps\gsudo;D:\Maven\apache-maven-3.6.3\bin;D:\Android\Sdk\tools;D:\Android\Sdk\platform-tools;D:\Java\java_code\src\Java_Course\experiment;D:\Java\java_package\apache-tomcat-9.0.43\lib;D:\Java\java_package\apache-tomcat-9.0.43\bin;D:\Matlab\runtime\win64;D:\Matlab\bin;D:\Matlab\polyspace\bin;C:\Users\lemon\scoop\shims;C:\Users\lemon\AppData\Local\Programs\Python\Python38\Scripts\;C:\Users\lemon\AppData\Local\Programs\Python\Python38\;C:\Users\lemon\AppData\Local\Microsoft\WindowsApps;C:\Users\lemon\AppData\Local\Programs\Microsoft VS Code\bin;D:\Git;C:\Users\lemon\AppData\Roaming\npm;D:\Java\IntelliJ IDEA 2020.3.2\bin;C:\Users\lemon\apps\gsudo
USERNAME=lemon
OS=Windows_NT
PROCESSOR_IDENTIFIER=Intel64 Family 6 Model 142 Stepping 11, GenuineIntel



---------------  S Y S T E M  ---------------

OS: Windows 10.0 , 64 bit Build 19041 (10.0.19041.804)

CPU:total 8 (initial active 8) (4 cores per cpu, 2 threads per core) family 6 model 142 stepping 11, cmov, cx8, fxsr, mmx, sse, sse2, sse3, ssse3, sse4.1, sse4.2, popcnt, avx, avx2, aes, clmul, erms, 3dnowpref, lzcnt, ht, tsc, tscinvbit, bmi1, bmi2, adx

Memory: 4k page, physical 16657696k(6262920k free), swap 18754848k(5192k free)

vm_info: Java HotSpot(TM) 64-Bit Server VM (25.281-b09) for windows-amd64 JRE (1.8.0_281-b09), built on Dec  9 2020 13:54:07 by "" with MS VC++ 15.9 (VS2017)

time: Wed Apr 14 22:11:50 2021
timezone: 中国标准时间
elapsed time: 0.088785 seconds (0d 0h 0m 0s)

